<?xml version="1.0" encoding="UTF-8"?>
<beans xmlns="http://www.springframework.org/schema/beans"
  xmlns:xsi="http://www.w3.org/2001/XMLSchema-instance"
  xmlns:context="http://www.springframework.org/schema/context"
  xmlns:mvc="http://www.springframework.org/schema/mvc"
  xmlns:webflow-config="http://www.springframework.org/schema/webflow-config"
  
  xsi:schemaLocation="http://www.springframework.org/schema/beans http://www.springframework.org/schema/beans/spring-beans.xsd
    http://www.springframework.org/schema/context http://www.springframework.org/schema/context/spring-context-3.0.xsd
    http://www.springframework.org/schema/mvc http://www.springframework.org/schema/mvc/spring-mvc-3.0.xsd">

  <mvc:annotation-driven  />
  <context:component-scan base-package="com.sample" />
  
  <bean class="org.springframework.web.servlet.view.InternalResourceViewResolver">
    <property name="prefix" value="/WEB-INF/views/" />
    <property name="suffix" value=".jsp" />
  </bean>
  
  <!-- 
  <bean id="messageSource" class="org.springframework.context.support.ResourceBundleMessageSource">
       <property name="basename" value="messages"/> 
  </bean>
  
  <bean id="validator" class="org.springframework.validation.beanvalidation.LocalValidatorFactoryBean">
    <property name="validationMessageSource" ref="messageSource" />
  </bean>
  
  <bean id="productValidator" class="com.packt.webstore.validator.ProductValidator">
    <property name = "springValidators">
      <set>
        <ref bean = "unitsInStockValidator"/>
      </set>
    </property>
  </bean>
  
  <bean id="unitsInStockValidator" class="com.packt.webstore.validator.UnitsInStockValidator"/>
   -->
   
</beans>